{
  "stats": {
    "suites": 1,
    "tests": 1,
    "passes": 1,
    "pending": 1,
    "failures": -1,
    "start": "2026-01-05T02:31:14.468Z",
    "end": "2026-01-05T02:31:18.585Z",
    "duration": 4117,
    "testsRegistered": 2,
    "passPercent": 100,
    "pendingPercent": 50,
    "other": 1,
    "hasOther": true,
    "skipped": 0,
    "hasSkipped": false
  },
  "results": [
    {
      "uuid": "f3f461b6-4d7d-4ea0-b6b5-8b83d6d2541c",
      "title": "",
      "fullFile": "cypress\\e2e\\loginTest.cy.js",
      "file": "cypress\\e2e\\loginTest.cy.js",
      "beforeHooks": [],
      "afterHooks": [],
      "tests": [],
      "suites": [
        {
          "uuid": "3e12c1af-99d5-4ddf-8c0b-6bb29c86ed63",
          "title": "pom",
          "fullFile": "",
          "file": "",
          "beforeHooks": [],
          "afterHooks": [],
          "tests": [
            {
              "title": "Login-Test-Negative",
              "fullTitle": "pom Login-Test-Negative",
              "timedOut": null,
              "duration": 0,
              "state": "pending",
              "speed": null,
              "pass": false,
              "fail": false,
              "pending": true,
              "context": null,
              "code": "cy.fixture('fixtureData').then(data => {\n  const login = new _loginPage.default();\n  //negative login test\n  cy.visit(\"https://www.saucedemo.com/\");\n  login.setUserName(data.username_invalid);\n  login.setPassword(data.password_invalid);\n  login.clickLogin();\n  login.verifyLoginErrorMessage(data.login_error_message);\n});",
              "err": {},
              "uuid": "d02a6921-9587-4f0b-ad1f-ee201a2ce7c2",
              "parentUUID": "3e12c1af-99d5-4ddf-8c0b-6bb29c86ed63",
              "isHook": false,
              "skipped": false
            },
            {
              "title": "Login-Test (smoke)",
              "fullTitle": "pom Login-Test (smoke)",
              "timedOut": null,
              "duration": 2453,
              "state": "passed",
              "speed": "fast",
              "pass": true,
              "fail": false,
              "pending": false,
              "context": null,
              "code": "cy.visit(\"https://www.saucedemo.com/\");\ncy.fixture('fixtureData').then(data => {\n  const login = new _loginPage.default();\n  //positive login test\n  login.setUserName(data.username_valid);\n  login.setPassword(data.password_valid);\n  login.clickLogin();\n  login.verifyLogin(data.title_verification);\n});",
              "err": {},
              "uuid": "c10b1fcc-d2e3-4096-828a-23ab5c2733df",
              "parentUUID": "3e12c1af-99d5-4ddf-8c0b-6bb29c86ed63",
              "isHook": false,
              "skipped": false
            }
          ],
          "suites": [],
          "passes": [
            "c10b1fcc-d2e3-4096-828a-23ab5c2733df"
          ],
          "failures": [],
          "pending": [
            "d02a6921-9587-4f0b-ad1f-ee201a2ce7c2"
          ],
          "skipped": [],
          "duration": 2453,
          "root": false,
          "rootEmpty": false,
          "_timeout": 2000
        }
      ],
      "passes": [],
      "failures": [],
      "pending": [],
      "skipped": [],
      "duration": 0,
      "root": true,
      "rootEmpty": true,
      "_timeout": 2000
    }
  ],
  "meta": {
    "mocha": {
      "version": "7.2.0"
    },
    "mochawesome": {
      "options": {
        "quiet": false,
        "reportFilename": "mochawesome",
        "saveHtml": false,
        "saveJson": true,
        "consoleReporter": "spec",
        "useInlineDiffs": false,
        "code": true
      },
      "version": "7.1.4"
    },
    "marge": {
      "options": {
        "reportDir": "cypress/results",
        "overwrite": false,
        "html": false,
        "json": true
      },
      "version": "6.3.2"
    }
  }
}