{
  "stats": {
    "suites": 1,
    "tests": 1,
    "passes": 0,
    "pending": 0,
    "failures": 1,
    "start": "2026-01-05T01:28:49.642Z",
    "end": "2026-01-05T01:28:49.876Z",
    "duration": 234,
    "testsRegistered": 1,
    "passPercent": 0,
    "pendingPercent": 0,
    "other": 0,
    "hasOther": false,
    "skipped": 0,
    "hasSkipped": false
  },
  "results": [
    {
      "uuid": "fbcc7da9-7e09-4ecb-9300-b560995a8399",
      "title": "",
      "fullFile": "cypress\\e2e\\cartTest.cy.js",
      "file": "cypress\\e2e\\cartTest.cy.js",
      "beforeHooks": [],
      "afterHooks": [],
      "tests": [],
      "suites": [
        {
          "uuid": "a7ac92ef-eba2-4971-ad48-47874a96453d",
          "title": "cart",
          "fullFile": "",
          "file": "",
          "beforeHooks": [],
          "afterHooks": [],
          "tests": [
            {
              "title": "verify_cart",
              "fullTitle": "cart verify_cart",
              "timedOut": null,
              "duration": 215,
              "state": "failed",
              "speed": null,
              "pass": false,
              "fail": true,
              "pending": false,
              "context": null,
              "code": "cy.fixture('fixture1').then(data => {\n  const login = new _loginPage.default();\n  const products = new _productsPage.default();\n  const cart = new _cartPage.default();\n  cy.visit(\"https://www.saucedemo.com/\");\n  login.setUserName(data.username_valid);\n  login.setPassword(data.password_valid);\n  login.clickLogin();\n  products.chooseProducts();\n  products.clickToCartIcon();\n  cart.verifyItemsInCart(data.txtBackpack, data.txtTshirt);\n  cart.removeItemsFromCart();\n  cart.verifyItemIsRemoved(cart.cartItemName1);\n  cart.proceedToCheckout();\n});",
              "err": {
                "message": "Error: A fixture file could not be found at any of the following paths:\n\n    > cypress\\fixtures\\fixture1\n    > cypress\\fixtures\\fixture1.[ext]\n\nCypress looked for these file extensions at the provided path:\n\n    > .json, .js, .coffee, .html, .txt, .csv, .png, .jpg, .jpeg, .gif, .tif, .tiff, .zip\n\nProvide a path to an existing fixture file.",
                "estack": "Error: A fixture file could not be found at any of the following paths:\n\n    > cypress\\fixtures\\fixture1\n    > cypress\\fixtures\\fixture1.[ext]\n\nCypress looked for these file extensions at the provided path:\n\n    > .json, .js, .coffee, .html, .txt, .csv, .png, .jpg, .jpeg, .gif, .tif, .tiff, .zip\n\nProvide a path to an existing fixture file.\n    at get (<embedded>:2589:255351)",
                "diff": null
              },
              "uuid": "f7588d04-aea1-4786-99c9-065e6877f48e",
              "parentUUID": "a7ac92ef-eba2-4971-ad48-47874a96453d",
              "isHook": false,
              "skipped": false
            }
          ],
          "suites": [],
          "passes": [],
          "failures": [
            "f7588d04-aea1-4786-99c9-065e6877f48e"
          ],
          "pending": [],
          "skipped": [],
          "duration": 215,
          "root": false,
          "rootEmpty": false,
          "_timeout": 2000
        }
      ],
      "passes": [],
      "failures": [],
      "pending": [],
      "skipped": [],
      "duration": 0,
      "root": true,
      "rootEmpty": true,
      "_timeout": 2000
    }
  ],
  "meta": {
    "mocha": {
      "version": "7.2.0"
    },
    "mochawesome": {
      "options": {
        "quiet": false,
        "reportFilename": "mochawesome",
        "saveHtml": false,
        "saveJson": true,
        "consoleReporter": "spec",
        "useInlineDiffs": false,
        "code": true
      },
      "version": "7.1.4"
    },
    "marge": {
      "options": {
        "reportDir": "cypress/results",
        "overwrite": false,
        "html": false,
        "json": true
      },
      "version": "6.3.2"
    }
  }
}