{
  "stats": {
    "suites": 1,
    "tests": 1,
    "passes": 1,
    "pending": 1,
    "failures": -1,
    "start": "2026-01-15T19:37:52.306Z",
    "end": "2026-01-15T19:37:57.277Z",
    "duration": 4971,
    "testsRegistered": 2,
    "passPercent": 100,
    "pendingPercent": 50,
    "other": 1,
    "hasOther": true,
    "skipped": 0,
    "hasSkipped": false
  },
  "results": [
    {
      "uuid": "b7ee5c9a-2ab3-447a-934a-f9f2f2212dc6",
      "title": "",
      "fullFile": "cypress\\e2e\\loginTest.cy.js",
      "file": "cypress\\e2e\\loginTest.cy.js",
      "beforeHooks": [],
      "afterHooks": [],
      "tests": [],
      "suites": [
        {
          "uuid": "c988bade-80c6-4b87-ad59-ba81285704cd",
          "title": "pom",
          "fullFile": "",
          "file": "",
          "beforeHooks": [],
          "afterHooks": [],
          "tests": [
            {
              "title": "Login-Test-Negative",
              "fullTitle": "pom Login-Test-Negative",
              "timedOut": null,
              "duration": 0,
              "state": "pending",
              "speed": null,
              "pass": false,
              "fail": false,
              "pending": true,
              "context": null,
              "code": "cy.fixture('fixtureData').then(data => {\n  const login = new _loginPage.default();\n  //negative login test\n  cy.visit(\"https://www.saucedemo.com/\");\n  login.setUserName(data.username_invalid);\n  login.setPassword(data.password_invalid);\n  login.clickLogin();\n  login.verifyLoginErrorMessage(data.login_error_message);\n});",
              "err": {},
              "uuid": "b1cf7949-06d1-49cd-8abb-00c4067b55f2",
              "parentUUID": "c988bade-80c6-4b87-ad59-ba81285704cd",
              "isHook": false,
              "skipped": false
            },
            {
              "title": "Login-Test (smoke)",
              "fullTitle": "pom Login-Test (smoke)",
              "timedOut": null,
              "duration": 2950,
              "state": "passed",
              "speed": "fast",
              "pass": true,
              "fail": false,
              "pending": false,
              "context": null,
              "code": "cy.visit(\"https://www.saucedemo.com/\");\ncy.fixture('fixtureData').then(data => {\n  const login = new _loginPage.default();\n  //positive login test\n  login.setUserName(data.username_valid);\n  login.setPassword(data.password_valid);\n  login.clickLogin();\n  login.verifyLogin(data.title_verification);\n});",
              "err": {},
              "uuid": "64cfe83d-6da5-43d1-85b4-d87a32cd0d5c",
              "parentUUID": "c988bade-80c6-4b87-ad59-ba81285704cd",
              "isHook": false,
              "skipped": false
            }
          ],
          "suites": [],
          "passes": [
            "64cfe83d-6da5-43d1-85b4-d87a32cd0d5c"
          ],
          "failures": [],
          "pending": [
            "b1cf7949-06d1-49cd-8abb-00c4067b55f2"
          ],
          "skipped": [],
          "duration": 2950,
          "root": false,
          "rootEmpty": false,
          "_timeout": 2000
        }
      ],
      "passes": [],
      "failures": [],
      "pending": [],
      "skipped": [],
      "duration": 0,
      "root": true,
      "rootEmpty": true,
      "_timeout": 2000
    }
  ],
  "meta": {
    "mocha": {
      "version": "7.2.0"
    },
    "mochawesome": {
      "options": {
        "quiet": false,
        "reportFilename": "mochawesome",
        "saveHtml": false,
        "saveJson": true,
        "consoleReporter": "spec",
        "useInlineDiffs": false,
        "code": true
      },
      "version": "7.1.4"
    },
    "marge": {
      "options": {
        "reportDir": "cypress/results",
        "overwrite": false,
        "html": false,
        "json": true
      },
      "version": "6.3.2"
    }
  }
}